Arguments: 
  D:\Software\nodejs\node.exe D:\Software\yarn\bin\yarn.js add @vue/component-compiler-utils -D

PATH: 
  D:\Software\Workspace\ui-gulu-test\node_modules\.bin;C:\Users\ASUS\bin;D:\Software\cmder\bin;D:\Software\cmder\vendor\bin;D:\Software\cmder\vendor\git-for-windows\bin;D:\Software\cmder\vendor\git-for-windows\mingw64\bin;D:\Software\cmder\vendor\git-for-windows\usr\local\bin;D:\Software\cmder\vendor\git-for-windows\usr\bin;D:\Software\cmder\vendor\git-for-windows\usr\bin;D:\Software\cmder\vendor\git-for-windows\mingw64\bin;D:\Software\cmder\vendor\git-for-windows\usr\bin;C:\Users\ASUS\bin;D:\Software\cmder\vendor\conemu-maximus5\ConEmu\Scripts;D:\Software\cmder\vendor\conemu-maximus5;D:\Software\cmder\vendor\conemu-maximus5\ConEmu;C:\Program Files\Python36\Scripts;C:\Program Files\Python36;C:\Program Files (x86)\NVIDIA Corporation\PhysX\Common;C:\WINDOWS\system32;C:\WINDOWS;C:\WINDOWS\System32\Wbem;C:\WINDOWS\System32\WindowsPowerShell\v1.0;E:\eda\quartus\bin;C:\Program Files (x86)\Microsoft SQL Server\100\Tools\Binn;C:\Program Files\Microsoft SQL Server\100\Tools\Binn;C:\Program Files\Microsoft SQL Server\100\DTS\Binn;C:\Program Files (x86)\Microsoft SQL Server\100\Tools\Binn\VSShell\Common7\IDE;C:\Program Files (x86)\Microsoft Visual Studio 9.0\Common7\IDE\PrivateAssemblies;C:\Program Files (x86)\Microsoft SQL Server\100\DTS\Binn;C:\WINDOWS\System32\OpenSSH;C:\Program Files\Java\jdk1.8.0_101\bin;D:\Study\opencv\build\bin;D:\visuall studio 2010\VC\bin;D:\Software\nodejs;D:\Software\yarn\bin;D:\Software\yarn\yarn_global\node_modules\yrm;C:\Users\ASUS\AppData\Roaming\npm;C:\Users\ASUS\AppData\Local\Microsoft\WindowsApps;D:\Software2019\Microsoft VS Code\bin;D:\Software2019\MongDB\bin;E:\Software2019\Nodejs;E:\Software2019\Nodejs\node_global;E:\Software2019\Nodejs\node_global\node_modules\cnpm\bin;D:\Software\Git;E:\Software2019\Nodejs\node_global\bin;E:\Software2019\Nodejs\node_global\node_modules\http-server\bin;C:\Users\ASUS\AppData\Roaming\npm;C:\Users\ASUS\AppData\Local\Yarn\bin;D:\Software\yarn\yarn_global\node_modules\.bin;C:\Users\ASUS\AppData\Roaming\npm\bin;D:\Software\cmder;D:\Software\cmder\vendor\git-for-windows\usr\bin\vendor_perl;D:\Software\cmder\vendor\git-for-windows\usr\bin\core_perl

Yarn version: 
  1.22.5

Node version: 
  14.18.1

Platform: 
  win32 x64

Trace: 
  Error: EPERM: operation not permitted, unlink 'D:\Software\Workspace\ui-gulu-test\node_modules\deasync\bin\win32-x64-node-14\deasync.node'

npm manifest: 
  {
    "name": "lemon",
    "version": "0.0.1",
    "description": "只是一个UI框架",
    "main": "index.js",
    "scripts": {
      "test": "echo \"Error: no test specified\" && exit 1"
    },
    "repository": {
      "type": "git",
      "url": "git+https://github.com/hushuo1207/lemon-ui-2.git"
    },
    "keywords": [
      "vue",
      "ui"
    ],
    "author": "hushuo",
    "license": "MIT",
    "bugs": {
      "url": "https://github.com/hushuo1207/lemon-ui-2/issues"
    },
    "homepage": "https://github.com/hushuo1207/lemon-ui-2#readme",
    "dependencies": {
      "vue": "^2.6.14"
    },
    "devDependencies": {
      "parcel-bundler": "^1.12.5"
    },
    "alias": {
      "vue" : "./node_modules/vue/dist/vue.common.js"
    }
  }

yarn manifest: 
  No manifest

Lockfile: 
  No lockfile
